      ⍝ ═══════════════════════════════════════════════════
      ⍝ MARPLE Demo 1: Primitive Functions and Operators
      ⍝ ═══════════════════════════════════════════════════
      ⍝ ── Basic arithmetic ──
      2 + 3
5
      10 - 4
6
      3 × 7
21
      15 ÷ 4
3.75
      ⍝ ── High minus for negative numbers ──
      ¯3 + 5
2
      ⍝ ── Right-to-left evaluation (no precedence rules) ──
      ⍝ 1 + 2 × 3  →  1 + (2 × 3)  →  7
      1 + 2 × 3
7
      ⍝ ── Parentheses override scope ──
      (1 + 2) × 3
9
      ⍝ ── Monadic functions ──
      - 5
¯5
      ÷ 4
0.25
      ⌈ 3.7
4
      ⌊ 3.7
3
      | ¯42
42
      ⍝ ── Vectors ──
      ⍳ 6
1 2 3 4 5 6
      1 2 3 + 10 20 30
11 22 33
      ⍝ ── Scalar extension ──
      10 × ⍳5
10 20 30 40 50
      ⍝ ── Reduce: insert function between elements ──
      +/ ⍳100
5050
      ×/ ⍳6
720
      ⍝ ── Scan: running reduce ──
      +\ 1 2 3 4 5
1 3 6 10 15
      ⍝ ── Structural functions ──
      ⍴ 1 2 3 4 5
5
      5 ⍴ 42
42 42 42 42 42
      7 ⍴ 1 2 3
1 2 3 1 2 3 1
      ⌽ 1 2 3 4 5
5 4 3 2 1
      3 ↑ 1 2 3 4 5
1 2 3
      ¯2 ↓ 1 2 3 4 5
1 2 3
      1 0 1 0 1 / 10 20 30 40 50
10 30 50
      ⍝ ── Matrices ──
      M ← 3 4 ⍴ ⍳12
      M
1  2  3  4
5  6  7  8
9 10 11 12
      ⍴ M
3 4
      ⍉ M
1 5  9
2 6 10
3 7 11
4 8 12
      ⍝ ── Matrix arithmetic with scalar extension ──
      100 + M
101 102 103 104
105 106 107 108
109 110 111 112
      ⍝ ── Reduce along last axis of a matrix ──
      +/ M
10 26 42
      ⍝ ── Inner product (matrix multiply) ──
      1 2 3 +.× 4 5 6
32
      ⍝ ── Outer product (multiplication table) ──
      (⍳5) ∘.× ⍳5
1  2  3  4  5
2  4  6  8 10
3  6  9 12 15
4  8 12 16 20
5 10 15 20 25
      ⍝ ── Grade and indexing ──
      v ← 30 10 50 20 40
      ⍋ v
2 4 1 5 3
      v[⍋v]
10 20 30 40 50
      ⍝ ── Comparison and boolean ──
      3 < 5
1
      1 2 3 4 5 ≥ 3
0 0 1 1 1
      ∧/ 1 1 1 0
0
      ⍝ ── Encode and decode ──
      2 2 2 2 ⊤ 13
1 1 0 1
      2 ⊥ 1 1 0 1
13
      ⍝ ── Pi and trig ──
      ○ 1
3.141592654
      1 ○ ○ 0.5
1
