      ⍝ ═══════════════════════════════════════════════════
      ⍝ MARPLE Demo 2: Direct Functions (Dfns) and Rank
      ⍝ ═══════════════════════════════════════════════════
      ⍝ ── A simple dfn: double a number ──
      {⍵ + ⍵} 21
42
      ⍝ ── Named dfns via assignment ──
      double ← {⍵ + ⍵}
      double 7
14
      double ⍳5
2 4 6 8 10
      ⍝ ── Dyadic dfns: ⍺ is the left argument ──
      avg ← {(⍺ + ⍵) ÷ 2}
      3 avg 7
5
      ⍝ ── Guards: conditional expressions ──
      sign ← {⍵>0 : 1 ⋄ ⍵<0 : ¯1 ⋄ 0}
      sign 42
1
      sign ¯7
¯1
      sign 0
0
      ⍝ ── Recursion via ∇ (self-reference) ──
      fact ← {⍵≤1 : 1 ⋄ ⍵ × ∇ ⍵-1}
      fact 1
1
      fact 5
120
      fact 10
3628800
      ⍝ ── Fibonacci ──
      fib ← {⍵=0 : 0 ⋄ ⍵=1 : 1 ⋄ (∇ ⍵-1) + ∇ ⍵-2}
      fib 10
55
      ⍝ ── Default left argument with ⍺← ──
      pad ← {⍺←0 ⋄ ⍺,⍵}
      pad 1 2 3
0 1 2 3
      99 pad 1 2 3
99 1 2 3
      ⍝ ── Chained assignment ──
      y ← 1 + x ← ⍳5
      x
1 2 3 4 5
      y
2 3 4 5 6
      ⍝ ═══════════════════════════════════════════════════
      ⍝ The Rank Operator ⍤
      ⍝ ═══════════════════════════════════════════════════
      M ← 3 4 ⍴ ⍳12
      M
1  2  3  4
5  6  7  8
9 10 11 12
      ⍝ ── Reverse each row (apply ⌽ at rank 1) ──
      (⌽⍤1) M
 4  3  2 1
 8  7  6 5
12 11 10 9
      ⍝ ── Sum each row ──
      (+/⍤1) M
10 26 42
      ⍝ ── Running sum along each row ──
      (+\⍤1) M
1  3  6 10
5 11 18 26
9 19 30 42
      ⍝ ── Apply a dfn to each row ──
      first_last ← {(1↑⍵),(¯1↑⍵)}
      (first_last⍤1) M
1  4
5  8
9 12
      ⍝ ── Dyadic rank: add a different scalar to each row ──
      100 200 300 (+⍤0 1) M
101 102 103 104
205 206 207 208
309 310 311 312
      ⍝ ── From (⌷) with rank for column selection ──
      ⍝ Select column 2 from each row
      2 (⌷⍤0 1) M
2 6 10
      ⍝ ── 3D arrays work too ──
      A ← 2 3 4 ⍴ ⍳24
      (+/⍤1) A
10 26 42
58 74 90
